This is pdfTeX, Version 3.1415926-2.5-1.40.14 (TeX Live 2013/Debian) (format=pdflatex 2015.5.22)  30 OCT 2015 11:34
entering extended mode
 restricted \write18 enabled.
 %&-line parsing enabled.
**\nonstopmode\input HinesHetland2015.tex
(./HinesHetland2015.tex (./gji.cls
Document Class: gji 1995/11/30 v2.0 LaTeX2e document class
Document Class `GJI' V2.0, released 1998 Nov
\fntxvi=\skip41
\fntxvii=\skip42
\GJ@measure=\dimen102
\c@part=\count79
\c@section=\count80
\c@subsection=\count81
\c@subsubsection=\count82
\c@paragraph=\count83
\c@subparagraph=\count84
\@indentskip=\skip43
\smallindent=\skip44
\@footindent=\skip45
\@leftskip=\skip46
\c@dummy=\count85
\c@table=\count86
\c@figure=\count87
\mathindent=\dimen103
(./gji_extra.sty
\@temptokenb=\toks14
\pt@box=\box26
\pt@width=\dimen104
\pt@line=\count88
\pt@nlines=\count89
\pt@ncol=\count90
\bibhang=\skip47
\bibsep=\skip48
LaTeX Info: Redefining \cite on input line 388.
\c@NAT@ctr=\count91
\oldvsize=\dimen105
)) (./timet.sty
Package: timet 1997/01/23 6.0 Times PSNFSS2e package
)
(/usr/share/texlive/texmf-dist/tex/latex/amsfonts/amssymb.sty
Package: amssymb 2013/01/14 v3.01 AMS font symbols

(/usr/share/texlive/texmf-dist/tex/latex/amsfonts/amsfonts.sty
Package: amsfonts 2013/01/14 v3.01 Basic AMSFonts support
\@emptytoks=\toks15
\symAMSa=\mathgroup4
\symAMSb=\mathgroup5
LaTeX Font Info:    Overwriting math alphabet `\mathfrak' in version `bold'
(Font)                  U/euf/m/n --> U/euf/b/n on input line 106.
))
(/usr/share/texlive/texmf-dist/tex/latex/amsmath/amsmath.sty
Package: amsmath 2013/01/14 v2.14 AMS math features
\@mathmargin=\skip49

For additional information on amsmath, use the `?' option.
(/usr/share/texlive/texmf-dist/tex/latex/amsmath/amstext.sty
Package: amstext 2000/06/29 v2.01

(/usr/share/texlive/texmf-dist/tex/latex/amsmath/amsgen.sty
File: amsgen.sty 1999/11/30 v2.0
\@emptytoks=\toks16
\ex@=\dimen106
))
(/usr/share/texlive/texmf-dist/tex/latex/amsmath/amsbsy.sty
Package: amsbsy 1999/11/29 v1.2d
\pmbraise@=\dimen107
)
(/usr/share/texlive/texmf-dist/tex/latex/amsmath/amsopn.sty
Package: amsopn 1999/12/14 v2.01 operator names
)
\inf@bad=\count92
LaTeX Info: Redefining \frac on input line 210.
\uproot@=\count93
\leftroot@=\count94
LaTeX Info: Redefining \overline on input line 306.
\classnum@=\count95
\DOTSCASE@=\count96
LaTeX Info: Redefining \ldots on input line 378.
LaTeX Info: Redefining \dots on input line 381.
LaTeX Info: Redefining \cdots on input line 466.
\Mathstrutbox@=\box27
\strutbox@=\box28
\big@size=\dimen108
LaTeX Font Info:    Redeclaring font encoding OML on input line 566.
LaTeX Font Info:    Redeclaring font encoding OMS on input line 567.
\macc@depth=\count97
\c@MaxMatrixCols=\count98
\dotsspace@=\muskip10
\c@parentequation=\count99
\dspbrk@lvl=\count100
\tag@help=\toks17
\row@=\count101
\column@=\count102
\maxfields@=\count103
\andhelp@=\toks18
\eqnshift@=\dimen109
\alignsep@=\dimen110
\tagshift@=\dimen111
\tagwidth@=\dimen112
\totwidth@=\dimen113
\lineht@=\dimen114
\@envbody=\toks19
\multlinegap=\skip50
\multlinetaggap=\skip51
\mathdisplay@stack=\toks20
LaTeX Info: Redefining \[ on input line 2665.
LaTeX Info: Redefining \] on input line 2666.
)
(/usr/share/texlive/texmf-dist/tex/latex/graphics/graphicx.sty
Package: graphicx 1999/02/16 v1.0f Enhanced LaTeX Graphics (DPC,SPQR)

(/usr/share/texlive/texmf-dist/tex/latex/graphics/keyval.sty
Package: keyval 1999/03/16 v1.13 key=value parser (DPC)
\KV@toks@=\toks21
)
(/usr/share/texlive/texmf-dist/tex/latex/graphics/graphics.sty
Package: graphics 2009/02/05 v1.0o Standard LaTeX Graphics (DPC,SPQR)

(/usr/share/texlive/texmf-dist/tex/latex/graphics/trig.sty
Package: trig 1999/03/16 v1.09 sin cos tan (DPC)
)
(/usr/share/texlive/texmf-dist/tex/latex/latexconfig/graphics.cfg
File: graphics.cfg 2010/04/23 v1.9 graphics configuration of TeX Live
)
Package graphics Info: Driver file: pdftex.def on input line 91.

(/usr/share/texlive/texmf-dist/tex/latex/pdftex-def/pdftex.def
File: pdftex.def 2011/05/27 v0.06d Graphics/color for pdfTeX

(/usr/share/texlive/texmf-dist/tex/generic/oberdiek/infwarerr.sty
Package: infwarerr 2010/04/08 v1.3 Providing info/warning/error messages (HO)
)
(/usr/share/texlive/texmf-dist/tex/generic/oberdiek/ltxcmds.sty
Package: ltxcmds 2011/11/09 v1.22 LaTeX kernel commands for general use (HO)
)
\Gread@gobject=\count104
))
\Gin@req@height=\dimen115
\Gin@req@width=\dimen116
)
(./HinesHetland2015.aux)
\openout1 = `HinesHetland2015.aux'.

LaTeX Font Info:    Checking defaults for OML/cmm/m/it on input line 18.
LaTeX Font Info:    ... okay on input line 18.
LaTeX Font Info:    Checking defaults for T1/cmr/m/n on input line 18.
LaTeX Font Info:    ... okay on input line 18.
LaTeX Font Info:    Checking defaults for OT1/cmr/m/n on input line 18.
LaTeX Font Info:    ... okay on input line 18.
LaTeX Font Info:    Checking defaults for OMS/cmsy/m/n on input line 18.
LaTeX Font Info:    ... okay on input line 18.
LaTeX Font Info:    Checking defaults for OMX/cmex/m/n on input line 18.
LaTeX Font Info:    ... okay on input line 18.
LaTeX Font Info:    Checking defaults for U/cmr/m/n on input line 18.
LaTeX Font Info:    ... okay on input line 18.
LaTeX Font Info:    Try loading font information for OT1+ptm on input line 18.

(/usr/share/texlive/texmf-dist/tex/latex/psnfss/ot1ptm.fd
File: ot1ptm.fd 2001/06/04 font definitions for OT1/ptm.
)
(/usr/share/texlive/texmf-dist/tex/context/base/supp-pdf.mkii
[Loading MPS to PDF converter (version 2006.09.02).]
\scratchcounter=\count105
\scratchdimen=\dimen117
\scratchbox=\box29
\nofMPsegments=\count106
\nofMParguments=\count107
\everyMPshowfont=\toks22
\MPscratchCnt=\count108
\MPscratchDim=\dimen118
\MPnumerator=\count109
\makeMPintoPDFobject=\count110
\everyMPtoPDFconversion=\toks23
) (/usr/share/texlive/texmf-dist/tex/generic/oberdiek/pdftexcmds.sty
Package: pdftexcmds 2011/11/29 v0.20 Utility functions of pdfTeX for LuaTeX (HO
)

(/usr/share/texlive/texmf-dist/tex/generic/oberdiek/ifluatex.sty
Package: ifluatex 2010/03/01 v1.3 Provides the ifluatex switch (HO)
Package ifluatex Info: LuaTeX not detected.
)
(/usr/share/texlive/texmf-dist/tex/generic/oberdiek/ifpdf.sty
Package: ifpdf 2011/01/30 v2.3 Provides the ifpdf switch (HO)
Package ifpdf Info: pdfTeX in PDF mode is detected.
)
Package pdftexcmds Info: LuaTeX not detected.
Package pdftexcmds Info: \pdf@primitive is available.
Package pdftexcmds Info: \pdf@ifprimitive is available.
Package pdftexcmds Info: \pdfdraftmode found.
)
(/usr/share/texlive/texmf-dist/tex/latex/oberdiek/epstopdf-base.sty
Package: epstopdf-base 2010/02/09 v2.5 Base part for package epstopdf

(/usr/share/texlive/texmf-dist/tex/latex/oberdiek/grfext.sty
Package: grfext 2010/08/19 v1.1 Manage graphics extensions (HO)

(/usr/share/texlive/texmf-dist/tex/generic/oberdiek/kvdefinekeys.sty
Package: kvdefinekeys 2011/04/07 v1.3 Define keys (HO)
))
(/usr/share/texlive/texmf-dist/tex/latex/oberdiek/kvoptions.sty
Package: kvoptions 2011/06/30 v3.11 Key value format for package options (HO)

(/usr/share/texlive/texmf-dist/tex/generic/oberdiek/kvsetkeys.sty
Package: kvsetkeys 2012/04/25 v1.16 Key value parser (HO)

(/usr/share/texlive/texmf-dist/tex/generic/oberdiek/etexcmds.sty
Package: etexcmds 2011/02/16 v1.5 Avoid name clashes with e-TeX commands (HO)
Package etexcmds Info: Could not find \expanded.
(etexcmds)             That can mean that you are not using pdfTeX 1.50 or
(etexcmds)             that some package has redefined \expanded.
(etexcmds)             In the latter case, load this package earlier.
)))
Package grfext Info: Graphics extension search list:
(grfext)             [.png,.pdf,.jpg,.mps,.jpeg,.jbig2,.jb2,.PNG,.PDF,.JPG,.JPE
G,.JBIG2,.JB2,.eps]
(grfext)             \AppendGraphicsExtensions on input line 452.

(/usr/share/texlive/texmf-dist/tex/latex/latexconfig/epstopdf-sys.cfg
File: epstopdf-sys.cfg 2010/07/13 v1.3 Configuration of (r)epstopdf for TeX Liv
e
))
LaTeX Font Info:    Font shape `OT1/ptm/bx/n' in size <17.28> not available
(Font)              Font shape `OT1/ptm/b/n' tried instead on input line 22.
LaTeX Font Info:    Try loading font information for U+msa on input line 22.

(/usr/share/texlive/texmf-dist/tex/latex/amsfonts/umsa.fd
File: umsa.fd 2013/01/14 v3.01 AMS symbols A
)
LaTeX Font Info:    Try loading font information for U+msb on input line 22.

(/usr/share/texlive/texmf-dist/tex/latex/amsfonts/umsb.fd
File: umsb.fd 2013/01/14 v3.01 AMS symbols B
)
LaTeX Font Info:    Font shape `OT1/ptm/bx/n' in size <10.95> not available
(Font)              Font shape `OT1/ptm/b/n' tried instead on input line 24.
LaTeX Font Info:    Font shape `OT1/ptm/bx/n' in size <12> not available
(Font)              Font shape `OT1/ptm/b/n' tried instead on input line 49.
 [1{/var/lib/texmf/fonts/map/pdftex/updmap/pdftex.map}


]
Overfull \hbox (7.9496pt too wide) in paragraph at lines 96--100
\OT1/ptm/m/n/10.95 We as-sume that the litho-sphere can be ap-prox-i-mated as a
 Maxwell vis-coelas-tic ma-te-rial on the timescales
 []

[2]
Underfull \vbox (badness 10000) has occurred while \output is active []

 [3]
Underfull \vbox (badness 5091) has occurred while \output is active []

 [4]
<figures/Fig1.pdf, id=28, 365.21738pt x 278.90273pt>
File: figures/Fig1.pdf Graphic file (type pdf)
 <use figures/Fig1.pdf>
Package pdftex.def Info: figures/Fig1.pdf used on input line 245.
(pdftex.def)             Requested size: 365.21648pt x 278.90202pt.
LaTeX Font Info:    Font shape `OT1/ptm/bx/n' in size <10> not available
(Font)              Font shape `OT1/ptm/b/n' tried instead on input line 254.

[5] [6 <./figures/Fig1.pdf>] [7] [8] [9]
<figures/Fig2.pdf, id=65, 425.50157pt x 167.4264pt>
File: figures/Fig2.pdf Graphic file (type pdf)
 <use figures/Fig2.pdf>
Package pdftex.def Info: figures/Fig2.pdf used on input line 516.
(pdftex.def)             Requested size: 425.50053pt x 167.42598pt.

[10 <./figures/Fig2.pdf>] [11]
Overfull \hbox (6.41042pt too wide) in paragraph at lines 588--595
\OT1/ptm/m/n/10.95 ramp func-tions which de-scribe 1 m of cu-mu-la-tive slip ov
er the time in-ter-vals $\OML/cmm/m/it/10.95 t \OT1/cmr/m/n/10.95 = (0\OML/cmm/
m/it/10.95 ; \OT1/cmr/m/n/10.95 0\OML/cmm/m/it/10.95 :\OT1/cmr/m/n/10.95 5)\OML
/cmm/m/it/10.95 ; \OT1/cmr/m/n/10.95 (0\OML/cmm/m/it/10.95 :\OT1/cmr/m/n/10.95 
5\OML/cmm/m/it/10.95 ; \OT1/cmr/m/n/10.95 1\OML/cmm/m/it/10.95 :\OT1/cmr/m/n/10
.95 0)\OML/cmm/m/it/10.95 ; [] ;$
 []

<figures/Fig3.pdf, id=94, 457.13011pt x 426.23732pt>
File: figures/Fig3.pdf Graphic file (type pdf)
 <use figures/Fig3.pdf>
Package pdftex.def Info: figures/Fig3.pdf used on input line 600.
(pdftex.def)             Requested size: 457.129pt x 426.23627pt.

Overfull \hbox (13.266pt too wide) in paragraph at lines 600--610
 [][] 
 []

<figures/Fig4.pdf, id=95, 427.99397pt x 242.15132pt>
File: figures/Fig4.pdf Graphic file (type pdf)
 <use figures/Fig4.pdf>
Package pdftex.def Info: figures/Fig4.pdf used on input line 616.
(pdftex.def)             Requested size: 427.99292pt x 242.15071pt.

<figures/Fig5.pdf, id=96, 419.0579pt x 516.15485pt>
File: figures/Fig5.pdf Graphic file (type pdf)
 <use figures/Fig5.pdf>
Package pdftex.def Info: figures/Fig5.pdf used on input line 626.
(pdftex.def)             Requested size: 419.05687pt x 516.15358pt.

[12]
Underfull \vbox (badness 6559) has occurred while \output is active []

 [13 <./figures/Fig3.pdf>] [14 <./figures/Fig4.pdf>] [15 <./figures/Fig5.pdf>]
<figures/Fig6.pdf, id=4900, 431.7517pt x 316.99336pt>
File: figures/Fig6.pdf Graphic file (type pdf)
 <use figures/Fig6.pdf>
Package pdftex.def Info: figures/Fig6.pdf used on input line 726.
(pdftex.def)             Requested size: 431.75063pt x 316.99258pt.

<figures/Fig7.pdf, id=4901, 425.23222pt x 261.14494pt>
File: figures/Fig7.pdf Graphic file (type pdf)
 <use figures/Fig7.pdf>
Package pdftex.def Info: figures/Fig7.pdf used on input line 738.
(pdftex.def)             Requested size: 425.23119pt x 261.1443pt.

[16 <./figures/Fig6.pdf>] [17 <./figures/Fig7.pdf>]
Underfull \vbox (badness 1803) has occurred while \output is active []

 [18]
<figures/Fig8.pdf, id=23280, 429.8851pt x 243.11604pt>
File: figures/Fig8.pdf Graphic file (type pdf)
 <use figures/Fig8.pdf>
Package pdftex.def Info: figures/Fig8.pdf used on input line 882.
(pdftex.def)             Requested size: 429.88405pt x 243.11543pt.

<figures/Fig9.pdf, id=23281, 276.66435pt x 180.18898pt>
File: figures/Fig9.pdf Graphic file (type pdf)
 <use figures/Fig9.pdf>
Package pdftex.def Info: figures/Fig9.pdf used on input line 898.
(pdftex.def)             Requested size: 276.66367pt x 180.18852pt.

<figures/Fig10.pdf, id=23282, 431.63963pt x 315.55492pt>
File: figures/Fig10.pdf Graphic file (type pdf)

<use figures/Fig10.pdf>
Package pdftex.def Info: figures/Fig10.pdf used on input line 907.
(pdftex.def)             Requested size: 431.63858pt x 315.55414pt.
 [19] [20 <./figures/Fig8.pdf> <./figures/Fig9.pdf

pdfTeX warning: pdflatex (file ./figures/Fig9.pdf): PDF inclusion: multiple pdf
s with page group included in a single page
>]
Underfull \vbox (badness 1424) has occurred while \output is active []

 [21 <./figures/Fig10.pdf>]
Underfull \vbox (badness 10000) has occurred while \output is active []

 [22]
[23] [24]
Missing character: There is no â in font ptmr7t!
Missing character: There is no € in font ptmr7t!
Missing character: There is no “ in font ptmr7t!
Missing character: There is no â in font ptmr7t!
Missing character: There is no € in font ptmr7t!
Missing character: There is no ™ in font ptmr7t!

Underfull \hbox (badness 1142) in paragraph at lines 1197--1202
\OT1/ptm/m/n/10 for-ma-tion and load-ing of the D[]uzce earth-quake hypocen-ter
. \OT1/ptm/m/it/10 Bull. Seis-mol. Soc. Am.\OT1/ptm/m/n/10 , 92, 172-193.
 []


Underfull \vbox (badness 10000) has occurred while \output is active []

 [25]
Missing character: There is no â in font ptmr7t!
Missing character: There is no € in font ptmr7t!
Missing character: There is no “ in font ptmr7t!

Underfull \hbox (badness 10000) in paragraph at lines 1271--1274
[]\OT1/ptm/m/n/10 Nur, A. & Mavko, G., 1974. Post-seis-mic Vis-coelas-tic Re-bo
und, \OT1/ptm/m/it/10 Sci-ence\OT1/ptm/m/n/10 , 183, 204-206.
 []


Underfull \vbox (badness 10000) has occurred while \output is active []

 [26]
Missing character: There is no â in font ptmr7t!
Missing character: There is no € in font ptmr7t!
Missing character: There is no “ in font ptmr7t!

[27] (./HinesHetland2015.aux) ) 
Here is how much of TeX's memory you used:
 2948 strings out of 495028
 37256 string characters out of 6181497
 100943 words of memory out of 5000000
 6092 multiletter control sequences out of 15000+600000
 35724 words of font info for 84 fonts, out of 8000000 for 9000
 14 hyphenation exceptions out of 8191
 37i,12n,26p,720b,346s stack positions out of 5000i,500n,10000p,200000b,80000s
{/usr/share/texlive/texmf-dist/fonts/enc/dvips/b
ase/8r.enc}</usr/share/texlive/texmf-dist/fonts/type1/public/amsfonts/cm/cmbsy1
0.pfb></usr/share/texlive/texmf-dist/fonts/type1/public/amsfonts/cmextra/cmbsy8
.pfb></usr/share/texlive/texmf-dist/fonts/type1/public/amsfonts/cm/cmbx10.pfb><
/usr/share/texlive/texmf-dist/fonts/type1/public/amsfonts/cm/cmbx8.pfb></usr/sh
are/texlive/texmf-dist/fonts/type1/public/amsfonts/cm/cmex10.pfb></usr/share/te
xlive/texmf-dist/fonts/type1/public/amsfonts/cm/cmmi10.pfb></usr/share/texlive/
texmf-dist/fonts/type1/public/amsfonts/cm/cmmi6.pfb></usr/share/texlive/texmf-d
ist/fonts/type1/public/amsfonts/cm/cmmi7.pfb></usr/share/texlive/texmf-dist/fon
ts/type1/public/amsfonts/cm/cmmi8.pfb></usr/share/texlive/texmf-dist/fonts/type
1/public/amsfonts/cm/cmmib10.pfb></usr/share/texlive/texmf-dist/fonts/type1/pub
lic/amsfonts/cmextra/cmmib8.pfb></usr/share/texlive/texmf-dist/fonts/type1/publ
ic/amsfonts/cm/cmr10.pfb></usr/share/texlive/texmf-dist/fonts/type1/public/amsf
onts/cm/cmr7.pfb></usr/share/texlive/texmf-dist/fonts/type1/public/amsfonts/cm/
cmr8.pfb></usr/share/texlive/texmf-dist/fonts/type1/public/amsfonts/cm/cmsy10.p
fb></usr/share/texlive/texmf-dist/fonts/type1/public/amsfonts/cm/cmsy8.pfb></us
r/share/texlive/texmf-dist/fonts/type1/public/amsfonts/symbols/msbm10.pfb></usr
/share/texlive/texmf-dist/fonts/type1/urw/times/utmb8a.pfb></usr/share/texlive/
texmf-dist/fonts/type1/urw/times/utmr8a.pfb></usr/share/texlive/texmf-dist/font
s/type1/urw/times/utmri8a.pfb>
Output written on HinesHetland2015.pdf (27 pages, 3877958 bytes).
PDF statistics:
 31074 PDF objects out of 31911 (max. 8388607)
 20587 compressed objects within 206 object streams
 0 named destinations out of 1000 (max. 500000)
 51 words of extra memory for PDF output out of 10000 (max. 10000000)

